"dos mas dos son 28" | Cadena
; | FinSentencia
350 | Numero
350.895 | Numero
350E-46 | Numero
350E46 | Numero
356E+46 | Numero
350.895E-46 | Numero
350.895E+46 | Numero
350.895E46 | Numero
? | OperadorTernario
++ | IncrementoTermino
+- | IncrementoTermino
-- | IncrementoTermino
&& | OperadorLogico
& | Caracter
|| | OperadorLogico
| | Caracter
! | OperadorLogico
! | OperadorLogico
!= | OperadorRelacional
> | OperadorLogico
>= | OperadorRelacional
< | OperadorLogico
<= | OperadorRelacional
== | OperadorRelacional
Area | Identicador
= | Asignacion
( | Caracter
radio | Identicador
* | OperadorFactor
radio | Identicador
) | Caracter
* | OperadorFactor
3.141592 | Numero
* | OperadorFactor
h | Identicador
; | FinSentencia
Contar | Identicador
+= | IncrementoTermino
1 | Numero
; | FinSentencia
